parsed args:
2015-07-15 11:30:15,620 - tk421 - DEBUG - parsed args:
log_level DEBUG
2015-07-15 11:30:15,620 - tk421 - DEBUG - log_level DEBUG
log /Users/cjw/dashboard/dashv2/tk421/tk421.log
2015-07-15 11:30:15,620 - tk421 - DEBUG - log /Users/cjw/dashboard/dashv2/tk421/tk421.log
stapi_port 8080
2015-07-15 11:30:15,620 - tk421 - DEBUG - stapi_port 8080
pid /tmp/tk421.pid
2015-07-15 11:30:15,621 - tk421 - DEBUG - pid /tmp/tk421.pid
server_host localhost
2015-07-15 11:30:15,621 - tk421 - DEBUG - server_host localhost
command restart
2015-07-15 11:30:15,621 - tk421 - DEBUG - command restart
server_port 8900
2015-07-15 11:30:15,621 - tk421 - DEBUG - server_port 8900
stapi_host localhost
2015-07-15 11:30:15,621 - tk421 - DEBUG - stapi_host localhost
root_webdir /Users/cjw/dashboard/dashv2/tk421
2015-07-15 11:30:15,621 - tk421 - DEBUG - root_webdir /Users/cjw/dashboard/dashv2/tk421
config /Users/cjw/dashboard/dashv2/tk421/tk421.config
2015-07-15 11:30:15,621 - tk421 - DEBUG - config /Users/cjw/dashboard/dashv2/tk421/tk421.config
mongo_uri mongodb://localhost:24000
2015-07-15 11:30:15,621 - tk421 - DEBUG - mongo_uri mongodb://localhost:24000
parsed args:
2015-07-15 11:30:15,621 - stAPIclient - DEBUG - parsed args:
log_level DEBUG
2015-07-15 11:30:15,621 - stAPIclient - DEBUG - log_level DEBUG
log /Users/cjw/dashboard/dashv2/tk421/tk421.log
2015-07-15 11:30:15,622 - stAPIclient - DEBUG - log /Users/cjw/dashboard/dashv2/tk421/tk421.log
stapi_port 8080
2015-07-15 11:30:15,622 - stAPIclient - DEBUG - stapi_port 8080
pid /tmp/tk421.pid
2015-07-15 11:30:15,622 - stAPIclient - DEBUG - pid /tmp/tk421.pid
server_host localhost
2015-07-15 11:30:15,622 - stAPIclient - DEBUG - server_host localhost
command restart
2015-07-15 11:30:15,622 - stAPIclient - DEBUG - command restart
server_port 8900
2015-07-15 11:30:15,622 - stAPIclient - DEBUG - server_port 8900
stapi_host localhost
2015-07-15 11:30:15,622 - stAPIclient - DEBUG - stapi_host localhost
root_webdir /Users/cjw/dashboard/dashv2/tk421
2015-07-15 11:30:15,622 - stAPIclient - DEBUG - root_webdir /Users/cjw/dashboard/dashv2/tk421
config /Users/cjw/dashboard/dashv2/tk421/tk421.config
2015-07-15 11:30:15,622 - stAPIclient - DEBUG - config /Users/cjw/dashboard/dashv2/tk421/tk421.config
mongo_uri mongodb://localhost:24000
2015-07-15 11:30:15,622 - stAPIclient - DEBUG - mongo_uri mongodb://localhost:24000
/
2015-07-15 11:30:15,624 - tk421 - INFO - /
start()
2015-07-15 11:30:15,625 - tk421 - DEBUG - start()
tk is at REST
2015-07-15 11:30:15,625 - tk421 - INFO - tk is at REST
/Users/cjw/dashboard/dashv2/tk421
2015-07-15 11:30:15,626 - tk421 - INFO - /Users/cjw/dashboard/dashv2/tk421
Bottle v0.12.8 server starting up (using WSGIRefServer())...
Listening on http://localhost:8900/
Hit Ctrl-C to quit.

Terminating on signal 15
